{"level":"error","message":"Me estoy quedando en !user de passportCall"}
{"level":"error","message":"Me estoy quedando en !user de passportCall"}
{"level":"error","message":"Invalid credentials for user: 1@gmail.com"}
{"level":"error","message":"Invalid credentials for user: 1@gmail.com"}
{"level":"error","message":"Me estoy quedando en !user de passportCall"}
{"level":"error","message":"Me estoy quedando en !user de passportCall"}
{"level":"error","message":"Me estoy quedando en !user de passportCall"}
{"level":"error","message":"Me estoy quedando en !user de passportCall"}
{"level":"error","message":"Me estoy quedando en !user de passportCall"}
{"level":"error","message":"Me estoy quedando en !user de passportCall"}
{"level":"error","message":"Me estoy quedando en !user de passportCall"}
{"level":"error","message":"Me estoy quedando en !user de passportCall"}
{"level":"error","message":"Error de verificación Error: read ECONNRESET"}
{"level":"error","message":"Me estoy quedando en !user de passportCall"}
{"level":"error","message":"Me estoy quedando en !user de passportCall"}
{"level":"error","message":"Me estoy quedando en !user de passportCall"}
{"level":"error","message":"Me estoy quedando en !user de passportCall"}
{"level":"error","message":"Me estoy quedando en !user de passportCall"}
{"level":"error","message":"Me estoy quedando en !user de passportCall"}
{"level":"error","message":"Me estoy quedando en !user de passportCall"}
{"level":"error","message":"Me estoy quedando en !user de passportCall"}
{"level":"error","message":"Me estoy quedando en !user de passportCall"}
{"level":"error","message":"Me estoy quedando en !user de passportCall"}
{"level":"error","message":"Me estoy quedando en !user de passportCall"}
{"level":"error","message":"Me estoy quedando en !user de passportCall"}
{"level":"error","message":"Me estoy quedando en !user de passportCall"}
{"level":"error","message":"Me estoy quedando en !user de passportCall"}
{"level":"error","message":"Me estoy quedando en !user de passportCall"}
{"level":"error","message":"Me estoy quedando en !user de passportCall"}
{"level":"error","message":"Me estoy quedando en !user de passportCall"}
{"level":"error","message":"Me estoy quedando en !user de passportCall"}
{"level":"error","message":"Me estoy quedando en !user de passportCall"}
{"level":"error","message":"Me estoy quedando en !user de passportCall"}
{"level":"error","message":"Me estoy quedando en !user de passportCall"}
{"level":"error","message":"Me estoy quedando en !user de passportCall"}
{"level":"error","message":"Me estoy quedando en !user de passportCall"}
{"level":"error","message":"Me estoy quedando en !user de passportCall"}
{"level":"error","message":"Me estoy quedando en !user de passportCall"}
{"level":"error","message":"Me estoy quedando en !user de passportCall"}
{"level":"error","message":"Me estoy quedando en !user de passportCall"}
{"level":"error","message":"Me estoy quedando en !user de passportCall"}
{"level":"error","message":"Me estoy quedando en !user de passportCall"}
{"level":"error","message":"Me estoy quedando en !user de passportCall"}
{"level":"error","message":"Me estoy quedando en !user de passportCall"}
{"level":"error","message":"Me estoy quedando en !user de passportCall"}
{"level":"error","message":"Me estoy quedando en !user de passportCall"}
{"level":"error","message":"Me estoy quedando en !user de passportCall"}
{"level":"error","message":"Me estoy quedando en !user de passportCall"}
{"level":"error"}
{"level":"error"}
{"level":"error"}
{"level":"error"}
{"level":"error"}
{"level":"error","message":"Me estoy quedando en !user de passportCall"}
{"level":"error"}
{"level":"error"}
{"level":"error","message":"Me estoy quedando en !user de passportCall"}
{"level":"error","message":"Me estoy quedando en !user de passportCall"}
{"level":"error"}
{"level":"error"}
{"level":"error"}
{"level":"error"}
{"level":"error"}
{"level":"error"}
{"level":"error"}
{"level":"error"}
{"level":"error"}
{"level":"error"}
{"level":"error"}
{"level":"error"}
{"level":"error"}
{"level":"error"}
{"level":"error"}
{"level":"error"}
{"level":"error"}
{"level":"error"}
{"level":"error"}
{"level":"error"}
{"level":"error"}
{"level":"error"}
{"level":"error"}
{"level":"error"}
{"level":"error"}
{"level":"error"}
{"level":"error"}
{"level":"error"}
{"level":"error"}
{"level":"error"}
{"level":"error"}
{"level":"error"}
{"level":"error"}
{"level":"error","message":"Me estoy quedando en !user de passportCall"}
{"level":"error","message":"Me estoy quedando en !user de passportCall"}
{"level":"error","message":"Me estoy quedando en !user de passportCall"}
{"level":"error","message":"Me estoy quedando en !user de passportCall"}
{"level":"error","message":"Me estoy quedando en !user de passportCall"}
{"level":"error","message":"Me estoy quedando en !user de passportCall"}
{"level":"error","message":"Me estoy quedando en !user de passportCall"}
{"level":"error","message":"Me estoy quedando en !user de passportCall"}
{"level":"error","message":"Me estoy quedando en !user de passportCall"}
{"level":"error","message":"Me estoy quedando en !user de passportCall"}
{"level":"error","message":"Me estoy quedando en !user de passportCall"}
{"level":"error","message":"Me estoy quedando en !user de passportCall"}
{"level":"error","message":"Me estoy quedando en !user de passportCall"}
{"level":"error","message":"Me estoy quedando en !user de passportCall"}
{"level":"error","message":"Me estoy quedando en !user de passportCall"}
{"level":"error","message":"Me estoy quedando en !user de passportCall"}
{"level":"error","message":"Me estoy quedando en !user de passportCall"}
{"level":"error","message":"Me estoy quedando en !user de passportCall"}
{"level":"error","message":"Me estoy quedando en !user de passportCall"}
{"level":"error","message":"Me estoy quedando en !user de passportCall"}
{"level":"error","message":"Me estoy quedando en !user de passportCall"}
{"level":"error","message":"Me estoy quedando en !user de passportCall"}
{"level":"error","message":"Me estoy quedando en !user de passportCall"}
{"level":"error","message":"Me estoy quedando en !user de passportCall"}
{"level":"error","message":"Me estoy quedando en !user de passportCall"}
{"level":"error","message":"Me estoy quedando en !user de passportCall"}
{"level":"error","message":"Me estoy quedando en !user de passportCall"}
{"level":"error","message":"Me estoy quedando en !user de passportCall"}
{"level":"error","message":"Me estoy quedando en !user de passportCall"}
{"level":"error","message":"Me estoy quedando en !user de passportCall"}
{"level":"error","message":"Me estoy quedando en !user de passportCall"}
{"level":"error","message":"Me estoy quedando en !user de passportCall"}
{"level":"error","message":"Me estoy quedando en !user de passportCall"}
{"level":"error","message":"Me estoy quedando en !user de passportCall"}
{"level":"error","message":"Me estoy quedando en !user de passportCall"}
{"level":"error","message":"Me estoy quedando en !user de passportCall"}
{"level":"error","message":"Me estoy quedando en !user de passportCall"}
{"level":"error","message":"Me estoy quedando en !user de passportCall"}
{"level":"error","message":"Me estoy quedando en !user de passportCall"}
{"level":"error","message":"Invalid credentials for user: maru123@gmail.com"}
{"level":"error","message":"Me estoy quedando en !user de passportCall"}
{"level":"error","message":"Me estoy quedando en !user de passportCall"}
{"level":"error","message":"Me estoy quedando en !user de passportCall"}
{"level":"error","message":"Me estoy quedando en !user de passportCall"}
{"level":"error","message":"Me estoy quedando en !user de passportCall"}
{"level":"error","message":"Me estoy quedando en !user de passportCall"}
{"level":"error","message":"Me estoy quedando en !user de passportCall"}
{"level":"error","message":"Me estoy quedando en !user de passportCall"}
{"level":"error","message":"Me estoy quedando en !user de passportCall"}
{"level":"error","message":"Me estoy quedando en !user de passportCall"}
{"level":"error","message":"Me estoy quedando en !user de passportCall"}
{"level":"error","message":"Me estoy quedando en !user de passportCall"}
{"level":"error","message":"Me estoy quedando en !user de passportCall"}
{"level":"error","message":"Me estoy quedando en !user de passportCall"}
{"level":"error","message":"Me estoy quedando en !user de passportCall"}
{"level":"error","message":"Me estoy quedando en !user de passportCall"}
{"level":"error","message":"Me estoy quedando en !user de passportCall"}
{"level":"error","message":"Me estoy quedando en !user de passportCall"}
{"level":"error","message":"Me estoy quedando en !user de passportCall"}
{"level":"error","message":"Me estoy quedando en !user de passportCall"}
{"level":"error","message":"Me estoy quedando en !user de passportCall"}
{"level":"error","message":"Me estoy quedando en !user de passportCall"}
{"level":"error","message":"Me estoy quedando en !user de passportCall"}
{"level":"error","message":"Me estoy quedando en !user de passportCall"}
{"level":"error","message":"Me estoy quedando en !user de passportCall"}
{"level":"error","message":"Me estoy quedando en !user de passportCall"}
{"level":"error","message":"Me estoy quedando en !user de passportCall"}
{"level":"error","message":"Me estoy quedando en !user de passportCall"}
{"level":"error","message":"Me estoy quedando en !user de passportCall"}
{"level":"error"}
{"level":"error"}
{"level":"error"}
{"level":"error"}
{"level":"error","message":"Me estoy quedando en !user de passportCall"}
{"level":"error","message":"Me estoy quedando en !user de passportCall"}
{"level":"error","message":"Me estoy quedando en !user de passportCall"}
{"level":"error","message":"Me estoy quedando en !user de passportCall"}
{"level":"error","message":"Me estoy quedando en !user de passportCall"}
{"level":"error","message":"Me estoy quedando en !user de passportCall"}
{"level":"error","message":"Me estoy quedando en !user de passportCall"}
{"level":"error","message":"Me estoy quedando en !user de passportCall"}
{"level":"error","message":"Me estoy quedando en !user de passportCall"}
{"level":"error","message":"Me estoy quedando en !user de passportCall"}
{"level":"error","message":"Me estoy quedando en !user de passportCall"}
{"level":"error","message":"Me estoy quedando en !user de passportCall"}
{"level":"error","message":"Me estoy quedando en !user de passportCall"}
{"level":"error","message":"Me estoy quedando en !user de passportCall"}
{"level":"error","message":"Me estoy quedando en !user de passportCall"}
{"level":"error","message":"Me estoy quedando en !user de passportCall"}
{"level":"error","message":"Me estoy quedando en !user de passportCall"}
{"level":"error","message":"Me estoy quedando en !user de passportCall"}
{"level":"error","message":"Me estoy quedando en !user de passportCall"}
{"level":"error","message":"Me estoy quedando en !user de passportCall"}
{"level":"error","message":"Me estoy quedando en !user de passportCall"}
{"level":"error","message":"Me estoy quedando en !user de passportCall"}
{"level":"error","message":"Me estoy quedando en !user de passportCall"}
{"level":"error","message":"Me estoy quedando en !user de passportCall"}
{"level":"error","message":"Me estoy quedando en !user de passportCall"}
{"level":"error","message":"Me estoy quedando en !user de passportCall"}
{"level":"error","message":"Me estoy quedando en !user de passportCall"}
{"level":"error","message":"Me estoy quedando en !user de passportCall"}
{"level":"error","message":"Me estoy quedando en !user de passportCall"}
{"level":"error","message":"Me estoy quedando en !user de passportCall"}
{"level":"error","message":"Me estoy quedando en !user de passportCall"}
{"level":"error","message":"Me estoy quedando en !user de passportCall"}
{"level":"error","message":"Me estoy quedando en !user de passportCall"}
{"level":"error","message":"Me estoy quedando en !user de passportCall"}
{"level":"error","message":"Me estoy quedando en !user de passportCall"}
{"level":"error","message":"Me estoy quedando en !user de passportCall"}
{"level":"error","message":"Me estoy quedando en !user de passportCall"}
{"level":"error","message":"Me estoy quedando en !user de passportCall"}
{"level":"error","message":"Me estoy quedando en !user de passportCall"}
{"level":"error","message":"Me estoy quedando en !user de passportCall"}
{"level":"error","message":"Me estoy quedando en !user de passportCall"}
{"level":"error","message":"Me estoy quedando en !user de passportCall"}
{"level":"error","message":"Me estoy quedando en !user de passportCall"}
{"level":"error","message":"Me estoy quedando en !user de passportCall"}
{"level":"error","message":"Me estoy quedando en !user de passportCall"}
{"level":"error","message":"Me estoy quedando en !user de passportCall"}
{"level":"error","message":"Me estoy quedando en !user de passportCall"}
{"level":"error","message":"Me estoy quedando en !user de passportCall"}
{"level":"error","message":"Me estoy quedando en !user de passportCall"}
{"level":"error","message":"Error de verificación Error: getaddrinfo ENOTFOUND smtp.gmail.com"}
{"level":"error","message":"Me estoy quedando en !user de passportCall"}
{"level":"error","message":"Me estoy quedando en !user de passportCall"}
{"level":"error","message":"Me estoy quedando en !user de passportCall"}
{"level":"error","message":"Me estoy quedando en !user de passportCall"}
{"level":"error","message":"El usuario ya existe"}
{"code":11000,"index":0,"keyPattern":{"email":1},"keyValue":{"email":"marianapadelin@gmail.com"},"level":"error"}
{"level":"error","message":"El usuario ya existe"}
{"_message":"users validation failed","errors":{"age":{"kind":"required","message":"Path `age` is required.","name":"ValidatorError","path":"age","properties":{"message":"Path `age` is required.","path":"age","type":"required"}},"first_name":{"kind":"required","message":"Path `first_name` is required.","name":"ValidatorError","path":"first_name","properties":{"message":"Path `first_name` is required.","path":"first_name","type":"required"}},"last_name":{"kind":"required","message":"Path `last_name` is required.","name":"ValidatorError","path":"last_name","properties":{"message":"Path `last_name` is required.","path":"last_name","type":"required"}}},"level":"error","message":"users validation failed: first_name: Path `first_name` is required., last_name: Path `last_name` is required., age: Path `age` is required.","name":"ValidationError"}
{"level":"error","message":"Me estoy quedando en !user de passportCall"}
{"level":"error","message":"Me estoy quedando en !user de passportCall"}
{"level":"error","message":"El usuario ya existe"}
{"code":11000,"index":0,"keyPattern":{"email":1},"keyValue":{"email":"time4@gmail.com"},"level":"error"}
{"level":"error","message":"Me estoy quedando en !user de passportCall"}
{"level":"error","message":"Me estoy quedando en !user de passportCall"}
{"level":"error","message":"Me estoy quedando en !user de passportCall"}
{"level":"error","message":"Me estoy quedando en !user de passportCall"}
{"level":"error","message":"Me estoy quedando en !user de passportCall"}
{"level":"error","message":"Me estoy quedando en !user de passportCall"}
{"level":"error","message":"Me estoy quedando en !user de passportCall"}
{"level":"error","message":"Me estoy quedando en !user de passportCall"}
{"level":"error","message":"User doesn't exist: img@gmail.com"}
{"level":"error","message":"Invalid credentials for user: img1@gmail.com"}
{"level":"error","message":"Me estoy quedando en !user de passportCall"}
{"level":"error","message":"Invalid credentials for user: maru123@gmail.com"}
{"level":"error","message":"Invalid credentials for user: maru123@gmail.com"}
{"level":"error","message":"Invalid credentials for user: maru123@gmail.com"}
{"level":"error","message":"Me estoy quedando en !user de passportCall"}
{"level":"error","message":"Me estoy quedando en !user de passportCall"}
{"level":"error","message":"Me estoy quedando en !user de passportCall"}
{"level":"error","message":"Me estoy quedando en !user de passportCall"}
{"level":"error","message":"Me estoy quedando en !user de passportCall"}
{"level":"error","message":"Me estoy quedando en !user de passportCall"}
{"level":"error"}
{"level":"error"}
{"level":"error","message":"Me estoy quedando en !user de passportCall"}
{"level":"error","message":"Me estoy quedando en !user de passportCall"}
{"level":"error"}
{"level":"error"}
{"level":"error","message":"Me estoy quedando en !user de passportCall"}
{"level":"error","message":"Me estoy quedando en !user de passportCall"}
{"level":"error","message":"Me estoy quedando en !user de passportCall"}
{"level":"error","message":"Me estoy quedando en !user de passportCall"}
{"level":"error","message":"Me estoy quedando en !user de passportCall"}
{"level":"error","message":"Me estoy quedando en !user de passportCall"}
{"level":"error","message":"Me estoy quedando en !user de passportCall"}
{"level":"error","message":"Me estoy quedando en !user de passportCall"}
{"level":"error","message":"Me estoy quedando en !user de passportCall"}
{"level":"error","message":"Me estoy quedando en !user de passportCall"}
{"level":"error","message":"Me estoy quedando en !user de passportCall"}
{"level":"error","message":"Invalid credentials for user: adminCoder@coder.com"}
{"level":"error","message":"Me estoy quedando en !user de passportCall"}
{"level":"error"}
{"level":"error"}
{"level":"error"}
{"level":"error"}
{"level":"error","message":"Me estoy quedando en !user de passportCall"}
{"level":"error","message":"User doesn't exist: adminCoder.com"}
{"level":"error","message":"User doesn't exist: adminCoder@gmail.com"}
{"_message":"users validation failed","errors":{"status":{"kind":"enum","message":"`docNotUploaded` is not a valid enum value for path `status`.","name":"ValidatorError","path":"status","properties":{"enumValues":["docsUploaded","docsNotUploaded"],"message":"`docNotUploaded` is not a valid enum value for path `status`.","path":"status","type":"enum","value":"docNotUploaded"},"value":"docNotUploaded"}},"level":"error","message":"users validation failed: status: `docNotUploaded` is not a valid enum value for path `status`.","name":"ValidationError"}
{"level":"error","message":"User doesn't exist: img3@coder.com"}
{"level":"error","message":"Me estoy quedando en !user de passportCall"}
{"level":"error","message":"Me estoy quedando en !user de passportCall"}
{"level":"error","message":"Me estoy quedando en !user de passportCall"}
{"level":"error","message":"Me estoy quedando en !user de passportCall"}
